MPASM  5.51                          MAIN.ASM   11-7-2017  12:33:45         PAGE  1


LOC  OBJECT CODE     LINE SOURCE TEXT
  VALUE

                      00001 ; ****** forbindelse af ICSP *********************  forbindelse af kredsløb ***************
                      00002 ;       Programmet forventes uploadet med en PICkit2 
                      00003 ;       eller en PICkit3 pilen på PICkit angiver pin1 
                      00004 ;       Navn            PICkit  PIC16F684                                       Funktion                
                            PIC16F684
                      00005 ;       VPP/MCLR        1               4                                                               
                                            
                      00006 ;       VDD/TARGET      2               1                                                       LED     
                                                    PORTC,5 
                      00007 ;       VSS/GND         3               14                                                      SWITCH  
                                            PORTA,0         
                      00008 ;       ICSPDAT         4               13                                                              
                                            
                      00009 ;       ICSPCLK         5               12
                      00010 ; ******* PROCESSOR DEFINITIONER *******************************************************
                      00011     list        p=16F684    
                      00012         INCLUDE "p16f684.inc"
                      00001         LIST
                      00002 
                      00003 ;==========================================================================
                      00004 ;  MPASM PIC16F684 processor include
                      00005 ; 
                      00006 ;  (c) Copyright 1999-2013 Microchip Technology, All rights reserved
                      00007 ;==========================================================================
                      00008 
                      00523         LIST
                      00013     ;errorlevel  -302    ; no "register not in bank 0" warnings 
                      00014     ;errorlevel  -305    ; no "page or bank selection not needed for this device" messages
                      00015 ; ******* COMPILER configuration bits *****************************************************
                      00016                 ; ext reset, no code or data protect, no brownout detect,
                      00017                 ; no watchdog, power-up timer, int clock with I/O,
                      00018                 ; no failsafe clock monitor, two-speed start-up disabled 
2007   30C4           00019  __CONFIG _FCMEN_OFF & _IESO_OFF & _BOD_OFF & _CPD_OFF &    _CP_OFF & _MCLRE_OFF & _PWRTE_ON & _WDT_OFF 
                            & _INTRC_OSC_NOCLKOUT
                      00020 ; ******* OPSÆTNING AF VARIABLE ***********************************************************
                      00021 ; Skriv variable og konstanter ind her
                      00022 
                      00023 ; ******* OPSÆTNING AF PROGRAM POINTERE ***************************************************
                      00024         ORG     0x0000          ; processor reset vector
0000   2???           00025         goto    INIT
                      00026 
                      00027         ORG             0x0004
0004   2???           00028         goto    ISR
                      00029 ; ******* SETUP *****************************************************
0005                  00030 INIT
                      00031         ;Pin setup
0005   3007           00032         MOVLW   b'00000111'             ;Disable comparators
0006   0099           00033         MOVWF   CMCON0
                      00034 
                      00035         ;Interupt setup
0007   160B           00036         BSF             INTCON, 4               ;Enable interupt on change on PORTA2
0008   178B           00037         BSF             INTCON, 7               ;Enable global interrupt switch
                      00038         
MPASM  5.51                          MAIN.ASM   11-7-2017  12:33:45         PAGE  2


LOC  OBJECT CODE     LINE SOURCE TEXT
  VALUE

                      00039         ;PWM setup
0009   300C           00040         MOVLW   b'00001100'             ;Enable PWM on PORTC5
000A   0095           00041         MOVWF   CCP1CON
                      00042         
000B   30BE           00043         MOVLW   d'190'                  ;PWM timer - Time on in a period
000C   0093           00044         MOVWF   CCPR1L
                      00045 
000D   3007           00046         MOVLW   b'00000111'             ;Enable TIMER2 and set prescaler to 16
000E   0092           00047         MOVWF   T2CON
                      00048 
000F   1683           00049         BSF     STATUS, RP0             ;Change to bank 1
                      00050 
0010   30FF           00051         MOVLW   d'255'                  ;PWM timer - Period time
Message[302]: Register in operand not in bank 0.  Ensure that bank bits are correct.
0011   0092           00052         MOVWF   PR2
                      00053         
                      00054         ;Pin setup
0012   3000           00055         MOVLW   b'00000000'             ;Change analog ports to digital
Message[302]: Register in operand not in bank 0.  Ensure that bank bits are correct.
0013   0091           00056         MOVWF   ANSEL
                      00057         
                      00058                                         ;A2/INT (hall) input
0014   30CF           00059         MOVLW   b'11001111'             ;Set up input/output pins. C5 (motor), C4 (led) output. C0 (turn
                             switch) input
Message[302]: Register in operand not in bank 0.  Ensure that bank bits are correct.
0015   0087           00060         MOVWF   TRISC                   
                      00061 
0016   1283           00062         BCF     STATUS, RP0             ;Change to bank 0
                      00063 
                      00064 ; ******* LOOP *****************************************************    
0017                  00065 LOOP
                      00066         ;Test program
                      00067 
0017   30A0           00068         MOVLW   d'160'
0018   0093           00069         MOVWF   CCPR1L
                      00070 
                      00071 
0019                  00072 LOOPEND
                      00073 
0019   2???           00074         goto    LOOP
                      00075 
                      00076 ; ******* SUBROUTINES *****************************************************
001A                  00077 ISR
001A   188B           00078         BTFSC   INTCON, 1               ;Check if triggered by hall effect sensor
001B   2???           00079         GOTO    HALLTRIG
                      00080 
001C   0009           00081         RETFIE
                      00082         
001D                  00083 HALLTRIG
                      00084         ;Toggle interrupt to trigger on rise or fall. This allows us to capture half rotations
001D   1683           00085         BSF     STATUS, RP0             ;Change to bank 1
001E   3040           00086         MOVLW   b'01000000'             ;Toggle interrupt edge select bit
Message[302]: Register in operand not in bank 0.  Ensure that bank bits are correct.
MPASM  5.51                          MAIN.ASM   11-7-2017  12:33:45         PAGE  3


LOC  OBJECT CODE     LINE SOURCE TEXT
  VALUE

001F   0681           00087         XORWF   OPTION_REG, F           ;
0020   1283           00088         BCF             STATUS, RP0             ;Change to bank 0
                      00089         
                      00090         ;MOVLW  b'00010000'             ;Change LED output
                      00091         ;XORWF  PORTC, F
                      00092         
                      00093         
0021   108B           00094         BCF             INTCON, 1       ;Clear hall effect sensor interrupt flag
                      00095 
0022   0009           00096         RETFIE
                      00097 ; ******* END *******************************************************************
30C4                  00098         end
MPASM  5.51                          MAIN.ASM   11-7-2017  12:33:45         PAGE  4


SYMBOL TABLE
  LABEL                             VALUE 

ADCON0                            0000001F
ADCON1                            0000009F
ADCS0                             00000004
ADCS1                             00000005
ADCS2                             00000006
ADFM                              00000007
ADIE                              00000006
ADIF                              00000006
ADON                              00000000
ADRESH                            0000001E
ADRESL                            0000009E
ANS0                              00000000
ANS1                              00000001
ANS2                              00000002
ANS3                              00000003
ANS4                              00000004
ANS5                              00000005
ANS6                              00000006
ANS7                              00000007
ANSEL                             00000091
C                                 00000000
C1IE                              00000003
C1IF                              00000003
C1INV                             00000004
C1OUT                             00000006
C2IE                              00000004
C2IF                              00000004
C2INV                             00000005
C2OUT                             00000007
C2SYNC                            00000000
CCP1CON                           00000015
CCP1IE                            00000005
CCP1IF                            00000005
CCP1M0                            00000000
CCP1M1                            00000001
CCP1M2                            00000002
CCP1M3                            00000003
CCPR1                             00000013
CCPR1H                            00000014
CCPR1L                            00000013
CHS0                              00000002
CHS1                              00000003
CHS2                              00000004
CIS                               00000003
CM0                               00000000
CM1                               00000001
CM2                               00000002
CMCON0                            00000019
CMCON1                            0000001A
DC                                00000001
DC1B0                             00000004
DC1B1                             00000005
ECCPAS                            00000017
MPASM  5.51                          MAIN.ASM   11-7-2017  12:33:45         PAGE  5


SYMBOL TABLE
  LABEL                             VALUE 

ECCPAS0                           00000004
ECCPAS1                           00000005
ECCPAS2                           00000006
ECCPASE                           00000007
ECCPIE                            00000005
ECCPIF                            00000005
EEADR                             0000009B
EECON1                            0000009C
EECON2                            0000009D
EEDAT                             0000009A
EEDATA                            0000009A
EEIE                              00000007
EEIF                              00000007
F                                 00000001
FSR                               00000004
GIE                               00000007
GO                                00000001
GO_DONE                           00000001
GO_NOT_DONE                       00000001
HALLTRIG                          0000001D
HTS                               00000002
INDF                              00000000
INIT                              00000005
INTCON                            0000000B
INTE                              00000004
INTEDG                            00000006
INTF                              00000001
IOC                               00000096
IOC0                              00000000
IOC1                              00000001
IOC2                              00000002
IOC3                              00000003
IOC4                              00000004
IOC5                              00000005
IOCA                              00000096
IOCA0                             00000000
IOCA1                             00000001
IOCA2                             00000002
IOCA3                             00000003
IOCA4                             00000004
IOCA5                             00000005
IRCF0                             00000004
IRCF1                             00000005
IRCF2                             00000006
IRP                               00000007
ISR                               0000001A
LOOP                              00000017
LOOPEND                           00000019
LTS                               00000001
NOT_BOD                           00000000
NOT_BOR                           00000000
NOT_DONE                          00000001
NOT_PD                            00000003
MPASM  5.51                          MAIN.ASM   11-7-2017  12:33:45         PAGE  6


SYMBOL TABLE
  LABEL                             VALUE 

NOT_POR                           00000001
NOT_RAPU                          00000007
NOT_T1SYNC                        00000002
NOT_TO                            00000004
OPTION_REG                        00000081
OSCCON                            0000008F
OSCTUNE                           00000090
OSFIE                             00000002
OSFIF                             00000002
OSTS                              00000003
P1M0                              00000006
P1M1                              00000007
PCL                               00000002
PCLATH                            0000000A
PCON                              0000008E
PDC0                              00000000
PDC1                              00000001
PDC2                              00000002
PDC3                              00000003
PDC4                              00000004
PDC5                              00000005
PDC6                              00000006
PEIE                              00000006
PIE1                              0000008C
PIR1                              0000000C
PORTA                             00000005
PORTC                             00000007
PR2                               00000092
PRSEN                             00000007
PS0                               00000000
PS1                               00000001
PS2                               00000002
PSA                               00000003
PSSAC0                            00000002
PSSAC1                            00000003
PSSBD0                            00000000
PSSBD1                            00000001
PWM1CON                           00000016
RA0                               00000000
RA1                               00000001
RA2                               00000002
RA3                               00000003
RA4                               00000004
RA5                               00000005
RAIE                              00000003
RAIF                              00000000
RC0                               00000000
RC1                               00000001
RC2                               00000002
RC3                               00000003
RC4                               00000004
RC5                               00000005
RD                                00000000
MPASM  5.51                          MAIN.ASM   11-7-2017  12:33:45         PAGE  7


SYMBOL TABLE
  LABEL                             VALUE 

RP0                               00000005
RP1                               00000006
SBODEN                            00000004
SBOREN                            00000004
SCS                               00000000
STATUS                            00000003
SWDTEN                            00000000
T0CS                              00000005
T0IE                              00000005
T0IF                              00000002
T0SE                              00000004
T1CKPS0                           00000004
T1CKPS1                           00000005
T1CON                             00000010
T1GINV                            00000007
T1GSS                             00000001
T1IE                              00000000
T1IF                              00000000
T1OSCEN                           00000003
T2CKPS0                           00000000
T2CKPS1                           00000001
T2CON                             00000012
T2IE                              00000001
T2IF                              00000001
TMR0                              00000001
TMR0IE                            00000005
TMR0IF                            00000002
TMR1                              0000000E
TMR1CS                            00000001
TMR1GE                            00000006
TMR1H                             0000000F
TMR1IE                            00000000
TMR1IF                            00000000
TMR1L                             0000000E
TMR1ON                            00000000
TMR2                              00000011
TMR2IE                            00000001
TMR2IF                            00000001
TMR2ON                            00000002
TOUTPS0                           00000003
TOUTPS1                           00000004
TOUTPS2                           00000005
TOUTPS3                           00000006
TRISA                             00000085
TRISA0                            00000000
TRISA1                            00000001
TRISA2                            00000002
TRISA3                            00000003
TRISA4                            00000004
TRISA5                            00000005
TRISC                             00000087
TRISC0                            00000000
TRISC1                            00000001
MPASM  5.51                          MAIN.ASM   11-7-2017  12:33:45         PAGE  8


SYMBOL TABLE
  LABEL                             VALUE 

TRISC2                            00000002
TRISC3                            00000003
TRISC4                            00000004
TRISC5                            00000005
TUN0                              00000000
TUN1                              00000001
TUN2                              00000002
TUN3                              00000003
TUN4                              00000004
ULPWUE                            00000005
VCFG                              00000006
VR0                               00000000
VR1                               00000001
VR2                               00000002
VR3                               00000003
VRCON                             00000099
VREN                              00000007
VRR                               00000005
W                                 00000000
WDTCON                            00000018
WDTPS0                            00000001
WDTPS1                            00000002
WDTPS2                            00000003
WDTPS3                            00000004
WPU                               00000095
WPU0                              00000000
WPU1                              00000001
WPU2                              00000002
WPU4                              00000004
WPU5                              00000005
WPUA                              00000095
WPUA0                             00000000
WPUA1                             00000001
WPUA2                             00000002
WPUA4                             00000004
WPUA5                             00000005
WR                                00000001
WREN                              00000002
WRERR                             00000003
Z                                 00000002
_BOD_NSLEEP                       00003EFF
_BOD_OFF                          00003CFF
_BOD_ON                           00003FFF
_BOD_SBODEN                       00003DFF
_BOREN_NSLEEP                     00003EFF
_BOREN_OFF                        00003CFF
_BOREN_ON                         00003FFF
_BOREN_SBODEN                     00003DFF
_CONFIG                           00002007
_CPD_OFF                          00003FFF
_CPD_ON                           00003F7F
_CP_OFF                           00003FFF
_CP_ON                            00003FBF
MPASM  5.51                          MAIN.ASM   11-7-2017  12:33:45         PAGE  9


SYMBOL TABLE
  LABEL                             VALUE 

_DEVID1                           00002006
_EC_OSC                           00003FFB
_EXTRC                            00003FFF
_EXTRCIO                          00003FFE
_EXTRC_OSC_CLKOUT                 00003FFF
_EXTRC_OSC_NOCLKOUT               00003FFE
_FCMEN_OFF                        000037FF
_FCMEN_ON                         00003FFF
_FOSC_EC                          00003FFB
_FOSC_EXTRCCLK                    00003FFF
_FOSC_EXTRCIO                     00003FFE
_FOSC_HS                          00003FFA
_FOSC_INTOSCCLK                   00003FFD
_FOSC_INTOSCIO                    00003FFC
_FOSC_LP                          00003FF8
_FOSC_XT                          00003FF9
_HS_OSC                           00003FFA
_IDLOC0                           00002000
_IDLOC1                           00002001
_IDLOC2                           00002002
_IDLOC3                           00002003
_IESO_OFF                         00003BFF
_IESO_ON                          00003FFF
_INTOSC                           00003FFD
_INTOSCIO                         00003FFC
_INTRC_OSC_CLKOUT                 00003FFD
_INTRC_OSC_NOCLKOUT               00003FFC
_LP_OSC                           00003FF8
_MCLRE_OFF                        00003FDF
_MCLRE_ON                         00003FFF
_PWRTE_OFF                        00003FFF
_PWRTE_ON                         00003FEF
_WDTE_OFF                         00003FF7
_WDTE_ON                          00003FFF
_WDT_OFF                          00003FF7
_WDT_ON                           00003FFF
_XT_OSC                           00003FF9
__16F684                          00000001
__DEBUG                           1

Errors   :     0
Warnings :     0 reported,     0 suppressed
Messages :     4 reported,     0 suppressed

